<?xml version="1.0" encoding="UTF-8"?>
<!-- Generated by org.testng.reporters.JUnitXMLReporter -->
<testsuite hostname="ADMIN" ignored="0" name="Test" tests="5" failures="0" timestamp="2019-10-16T15:30:22 IST" time="50.583" errors="0">
  <testcase name="loginPage" time="2.332" classname="Training.Practice.Login"/>
  <testcase name="loginPage" time="2.28" classname="Training.Practice.Login"/>
  <testcase name="loginPage" time="2.297" classname="Training.Practice.Login"/>
  <testcase name="loginPage" time="2.314" classname="Training.Practice.Login"/>
  <testcase name="launchSite" time="6.863" classname="Training.Practice.Logoff"/>
</testsuite> <!-- Test -->
