<?xml version="1.0" encoding="UTF-8"?>
<!-- Generated by org.testng.reporters.JUnitXMLReporter -->
<testsuite hostname="ADMIN" ignored="0" name="Test" tests="4" failures="0" timestamp="2019-10-16T14:36:25 IST" time="46.147" errors="0">
  <testcase name="loginPage" time="2.439" classname="Training.Practice.Login"/>
  <testcase name="loginPage" time="2.286" classname="Training.Practice.Login"/>
  <testcase name="loginPage" time="2.305" classname="Training.Practice.Login"/>
  <testcase name="loginPage" time="2.31" classname="Training.Practice.Login"/>
</testsuite> <!-- Test -->
